0 info it worked if it ends with ok
1 verbose cli [ 'C:\\Program Files\\nodejs\\\\node.exe',
1 verbose cli   'C:\\Program Files\\nodejs\\node_modules\\npm\\bin\\npm-cli.js',
1 verbose cli   'install',
1 verbose cli   '--save-dev',
1 verbose cli   'gulp-inyect' ]
2 info using npm@1.4.28
3 info using node@v0.10.33
4 verbose node symlink C:\Program Files\nodejs\\node.exe
5 verbose readDependencies using package.json deps
6 verbose cache add [ 'gulp-inyect', null ]
7 verbose cache add name=undefined spec="gulp-inyect" args=["gulp-inyect",null]
8 verbose parsed url { protocol: null,
8 verbose parsed url   slashes: null,
8 verbose parsed url   auth: null,
8 verbose parsed url   host: null,
8 verbose parsed url   port: null,
8 verbose parsed url   hostname: null,
8 verbose parsed url   hash: null,
8 verbose parsed url   search: null,
8 verbose parsed url   query: null,
8 verbose parsed url   pathname: 'gulp-inyect',
8 verbose parsed url   path: 'gulp-inyect',
8 verbose parsed url   href: 'gulp-inyect' }
9 silly lockFile c9d7075b-gulp-inyect gulp-inyect
10 verbose lock gulp-inyect C:\Users\Juan\AppData\Roaming\npm-cache\c9d7075b-gulp-inyect.lock
11 silly lockFile c9d7075b-gulp-inyect gulp-inyect
12 silly lockFile c9d7075b-gulp-inyect gulp-inyect
13 verbose addNamed [ 'gulp-inyect', '' ]
14 verbose addNamed [ null, '*' ]
15 silly lockFile bc3eca24-gulp-inyect gulp-inyect@
16 verbose lock gulp-inyect@ C:\Users\Juan\AppData\Roaming\npm-cache\bc3eca24-gulp-inyect.lock
17 silly addNameRange { name: 'gulp-inyect', range: '*', hasData: false }
18 verbose request where is /gulp-inyect
19 verbose request registry https://registry.npmjs.org/
20 verbose request id 7763b91fa8f43914
21 verbose url raw /gulp-inyect
22 verbose url resolving [ 'https://registry.npmjs.org/', './gulp-inyect' ]
23 verbose url resolved https://registry.npmjs.org/gulp-inyect
24 verbose request where is https://registry.npmjs.org/gulp-inyect
25 info trying registry request attempt 1 at 18:30:45
26 http GET https://registry.npmjs.org/gulp-inyect
27 http 404 https://registry.npmjs.org/gulp-inyect
28 verbose headers { date: 'Sat, 08 Nov 2014 17:30:51 GMT',
28 verbose headers   server: 'CouchDB/1.5.0 (Erlang OTP/R16B03)',
28 verbose headers   'content-type': 'application/json',
28 verbose headers   'cache-control': 'max-age=0',
28 verbose headers   'content-length': '52',
28 verbose headers   'accept-ranges': 'bytes',
28 verbose headers   via: '1.1 varnish',
28 verbose headers   age: '0',
28 verbose headers   'x-served-by': 'cache-lhr6329-LHR',
28 verbose headers   'x-cache': 'MISS',
28 verbose headers   'x-cache-hits': '0',
28 verbose headers   'x-timer': 'S1415467851.593011,VS0,VE365',
28 verbose headers   'keep-alive': 'timeout=10, max=50',
28 verbose headers   connection: 'Keep-Alive' }
29 silly registry.get cb [ 404,
29 silly registry.get   { date: 'Sat, 08 Nov 2014 17:30:51 GMT',
29 silly registry.get     server: 'CouchDB/1.5.0 (Erlang OTP/R16B03)',
29 silly registry.get     'content-type': 'application/json',
29 silly registry.get     'cache-control': 'max-age=0',
29 silly registry.get     'content-length': '52',
29 silly registry.get     'accept-ranges': 'bytes',
29 silly registry.get     via: '1.1 varnish',
29 silly registry.get     age: '0',
29 silly registry.get     'x-served-by': 'cache-lhr6329-LHR',
29 silly registry.get     'x-cache': 'MISS',
29 silly registry.get     'x-cache-hits': '0',
29 silly registry.get     'x-timer': 'S1415467851.593011,VS0,VE365',
29 silly registry.get     'keep-alive': 'timeout=10, max=50',
29 silly registry.get     connection: 'Keep-Alive' } ]
30 silly lockFile bc3eca24-gulp-inyect gulp-inyect@
31 silly lockFile bc3eca24-gulp-inyect gulp-inyect@
32 error 404 404 Not Found: gulp-inyect
32 error 404
32 error 404 'gulp-inyect' is not in the npm registry.
32 error 404 You should bug the author to publish it
32 error 404 It was specified as a dependency of 'prueba-angular'
32 error 404
32 error 404 Note that you can also install from a
32 error 404 tarball, folder, or http url, or git url.
33 error System Windows_NT 6.2.9200
34 error command "C:\\Program Files\\nodejs\\\\node.exe" "C:\\Program Files\\nodejs\\node_modules\\npm\\bin\\npm-cli.js" "install" "--save-dev" "gulp-inyect"
35 error cwd F:\git\prueba-angular-cazaustre
36 error node -v v0.10.33
37 error npm -v 1.4.28
38 error code E404
39 verbose exit [ 1, true ]
